<?xml version="1.0" encoding="UTF-8"?>
<!-- Generated by org.testng.reporters.JUnitReportReporter -->
<testsuite hostname="Jai-Hanuman" failures="0" tests="1" name="testcases.Test_dashboardnavigation" time="1.931" errors="0" timestamp="2023-10-18T11:46:56 IST" skipped="0">
  <testcase classname="testcases.Test_dashboardnavigation" name="clickleadcard" time="1.931"/>
  <system-out/>
</testsuite> <!-- testcases.Test_dashboardnavigation -->
