<?xml version="1.0" encoding="UTF-8"?>
<!-- Generated by org.testng.reporters.JUnitReportReporter -->
<testsuite hostname="Jai-Hanuman" failures="0" tests="2" name="testcases.Test_OpportunityJourney" time="4.542" errors="0" timestamp="2023-10-18T11:49:39 IST" skipped="1">
  <testcase classname="testcases.Test_OpportunityJourney" name="checkfileup" time="4.542"/>
  <system-out/>
  <testcase classname="testcases.Test_OpportunityJourney" name="validatelead">
    <skipped/>
  </testcase> <!-- validatelead -->
  <system-out/>
</testsuite> <!-- testcases.Test_OpportunityJourney -->
